valid-tests

Total tests run: 132
Passed [✔]: 114
Failed [FAIL]: 18

/app/aguda-testing/test/valid/54394_clamp/clamp.agu [✔]
Expected: '7'
Got: '7'


/app/aguda-testing/test/valid/54394_combinations/combinations.agu [✔]
Expected: '15'
Got: '15'


/app/aguda-testing/test/valid/54394_identifier/identifier.agu [✔]
Expected: 'unit'
Got: 'unit'


/app/aguda-testing/test/valid/54394_operator_precedence/operator_precedence.agu [✔]
Expected: '1'
Got: '1'


/app/aguda-testing/test/valid/54394_semicolon_assignment/semicolon_assignment.agu [✔]
Expected: '12'
Got: '12'


/app/aguda-testing/test/valid/54394_string_printing/string_printing.agu [✔]
Expected: 'falsefalsefalsefalse'
Got: 'falsefalsefalsefalse'


/app/aguda-testing/test/valid/56269_ackermann/ackermann.agu [✔]
Expected: '9'
Got: '9'


/app/aguda-testing/test/valid/56269_associativity/associativity.agu [✔]
Expected: '512'
Got: '512'


/app/aguda-testing/test/valid/56269_boolean/boolean.agu [✔]
Expected: 'true'
Got: 'true'


/app/aguda-testing/test/valid/56269_booleanSequence/booleanSequence.agu [✔]
Expected: 'true'
Got: 'true'


/app/aguda-testing/test/valid/56269_bottomRow/bottomRow.agu [FAIL]
Semantic Error: (-1, -1) No main function found


/app/aguda-testing/test/valid/56269_if/if.agu [✔]
Expected: 'true'
Got: 'true'


/app/aguda-testing/test/valid/56269_insertionSort/insertionSort.agu [FAIL]
Not implemented type: Int[] (5, 25)


/app/aguda-testing/test/valid/56269_multipleAssignment/multipleAssignment.agu [✔]
Expected: '4'
Got: '4'


/app/aguda-testing/test/valid/56269_parentheses/parentheses.agu [✔]
Expected: '9'
Got: '9'


/app/aguda-testing/test/valid/56269_variables/variables.agu [✔]
Expected: '6'
Got: '6'


/app/aguda-testing/test/valid/56307_applyTwiceFunction/applyTwiceFunction.agu [EXCEPTION]
lli execution failed: lli: lli: /app/aguda-testing/test/valid/56307_applyTwiceFunction/applyTwiceFunction.ll:35:26: error: invalid type for function argument
define i32 @"applyTwice"(i32 (i32) %".1", i32 %".2")
                         ^




/app/aguda-testing/test/valid/56307_arithmeticOperations/arithmeticOperations.agu [✔]
Expected: '105'
Got: '105'


/app/aguda-testing/test/valid/56307_countdownFunction/countdownFunction.agu [✔]
Expected: '54321'
Got: '54321'


/app/aguda-testing/test/valid/56307_counterFunction/counterFunction.agu [✔]
Expected: '7'
Got: '7'


/app/aguda-testing/test/valid/56307_factorialFunction/factorialFunction.agu [✔]
Expected: '120'
Got: '120'


/app/aguda-testing/test/valid/56307_maxFunction/maxFunction.agu [✔]
Expected: '10'
Got: '10'


/app/aguda-testing/test/valid/56307_powerFunction/powerFunction.agu [✔]
Expected: '512'
Got: '512'


/app/aguda-testing/test/valid/56307_shadowingFunction/shadowFunction.agu [✔]
Expected: '30'
Got: '30'


/app/aguda-testing/test/valid/56307_sumArrayFunction/sumArrayFunction.agu [FAIL]
Not implemented type: Int[] (2, 22)


/app/aguda-testing/test/valid/56307_zeroLengthArray/zeroLengthArray.agu [FAIL]
Top-level variable declarations must be initialized with literals (2, 1)


/app/aguda-testing/test/valid/56311_boundary_arithmetic/boundary_arithmetic.agu [✔]
Expected: '-2147483648'
Got: '-2147483648'


/app/aguda-testing/test/valid/56311_equals/equals_method.agu [✔]
Expected: 'false'
Got: 'false'


/app/aguda-testing/test/valid/56311_high_order_function_type/high_order_func_type.agu [EXCEPTION]
lli execution failed: lli: lli: /app/aguda-testing/test/valid/56311_high_order_function_type/high_order_func_type.ll:35:21: error: invalid type for function argument
define i32 @"apply"(i32 (i32) %".1", i32 %".2")
                    ^




/app/aguda-testing/test/valid/56311_if_inside_if/if_inside_if.agu [✔]
Expected: 'truefalse'
Got: 'truefalse'


/app/aguda-testing/test/valid/56311_minus_minus/minus_minus.agu [✔]
Expected: '4'
Got: '4'


/app/aguda-testing/test/valid/56311_shadow_variables/shadow_variables.agu [✔]
Expected: '4'
Got: '4'


/app/aguda-testing/test/valid/56311_while_loop_with_empty_body/while_loop_with_empty_body.agu [✔]
Expected: 'unit'
Got: 'unit'


/app/aguda-testing/test/valid/56311_while_loop_with_mutations/while_loop_with_mutations.agu [✔]
Expected: '10987654321'
Got: '10987654321'


/app/aguda-testing/test/valid/56332_dec_to_zero/dec_to_zero.agu [✔]
Expected: '543210'
Got: '543210'


/app/aguda-testing/test/valid/56332_factorial_in_aguda/factorial_in_aguda.agu [✔]
Expected: '3628800'
Got: '3628800'


/app/aguda-testing/test/valid/56332_if_then_else_printing_string/if_then_else_printing_string.agu [✔]
Expected: 'true'
Got: 'true'


/app/aguda-testing/test/valid/56332_precedence_calc/precedence_calc.agu [✔]
Expected: '60'
Got: '60'


/app/aguda-testing/test/valid/56332_simple_sum/simple_sum.agu [✔]
Expected: '15'
Got: '15'


/app/aguda-testing/test/valid/56334_factorial/factorial.agu [✔]
Expected: '120'
Got: '120'


/app/aguda-testing/test/valid/56334_fibonacci/fibonacci.agu [✔]
Expected: '6765'
Got: '6765'


/app/aguda-testing/test/valid/56334_helloWorld/helloWorld.agu [✔]
Expected: '9999999999999999997755'
Got: '9999999999999999997755'


/app/aguda-testing/test/valid/56334_max/max.agu [✔]
Expected: '9'
Got: '9'


/app/aguda-testing/test/valid/58166_booleanConfusion/booleanConfusion.agu [✔]
Expected: 'true'
Got: 'true'


/app/aguda-testing/test/valid/58166_digits/digits.agu [✔]
Expected: '4'
Got: '4'


/app/aguda-testing/test/valid/58166_mathTest/mathTest.agu [✔]
Expected: 'false'
Got: 'false'


/app/aguda-testing/test/valid/58166_modTest/modTest.agu [✔]
Expected: 'truefalsetruefalse'
Got: 'truefalsetruefalse'


/app/aguda-testing/test/valid/58166_powerTen/powerTen.agu [✔]
Expected: '10000000'
Got: '10000000'


/app/aguda-testing/test/valid/58168_3letsPrint1stValue/3letsPrint1stValue.agu [✔]
Expected: '0'
Got: '0'


/app/aguda-testing/test/valid/58168_addOneValueToArray/addOneValueToArray.agu [FAIL]
Not implemented type: Int[] (3, 15)


/app/aguda-testing/test/valid/58168_cubesForEvenNum/cubesForEvenNum.agu [✔]
Expected: '64'
Got: '64'


/app/aguda-testing/test/valid/58168_decrementor/decrementor.agu [✔]
Expected: '5'
Got: '5'


/app/aguda-testing/test/valid/58168_incrementor/incrementor.agu [✔]
Expected: '5'
Got: '5'


/app/aguda-testing/test/valid/58168_minusTwoNumbers/minusTwoNumbers.agu [✔]
Expected: '1'
Got: '1'


/app/aguda-testing/test/valid/58168_numOfEvenNumInArray/numOfEvenNumInArray.agu [FAIL]
Not implemented type: Int[] (3, 11)


/app/aguda-testing/test/valid/58168_sumNumInArray/sumNumInArray.agu [FAIL]
Not implemented type: Int[] (3, 14)


/app/aguda-testing/test/valid/58168_sumOfMinAndOfMaxOfArray/sumOfMinAndOfMaxOfArray.agu [FAIL]
Not implemented type: Int[] (3, 14)


/app/aguda-testing/test/valid/58168_sumTwoNumbers/sumTwoNumbers.agu [✔]
Expected: '10'
Got: '10'


/app/aguda-testing/test/valid/58170_categorizeNumbers/categorizeNumbers.agu [✔]
Expected: '67676778'
Got: '67676778'


/app/aguda-testing/test/valid/58170_complexWhile/complexWhile.agu [✔]
Expected: '11029384756565'
Got: '11029384756565'


/app/aguda-testing/test/valid/58170_factorial/factorial.agu [✔]
Expected: '120'
Got: '120'


/app/aguda-testing/test/valid/58170_manyParams/manyParams.agu [✔]
Expected: '15'
Got: '15'


/app/aguda-testing/test/valid/58170_nestedCalls/nestedCalls.agu [✔]
Expected: '5'
Got: '5'


/app/aguda-testing/test/valid/58170_opWithoutParen/opWithoutParen.agu [✔]
Expected: '2512false'
Got: '2512false'


/app/aguda-testing/test/valid/58170_pyramid/pyramid.agu [✔]
Expected: '001901119111119000019000111900111119011111119111111111900000019000001119000011111900011111119001111111119011111111111911111111111119'
Got: '001901119111119000019000111900111119011111119111111111900000019000001119000011111900011111119001111111119011111111111911111111111119'


/app/aguda-testing/test/valid/58170_sameNameVar/sameNameVar.agu [✔]
Expected: '102010'
Got: '102010'


/app/aguda-testing/test/valid/58182_fibonacci/fibonacci.agu [✔]
Expected: '6765'
Got: '6765'


/app/aguda-testing/test/valid/58182_function_unit_type/function_unit_type.agu [✔]
Expected: '1'
Got: '1'


/app/aguda-testing/test/valid/58182_logic_operations/logic_operations.agu [✔]
Expected: 'truetruetruefalsefalse'
Got: 'truetruetruefalsefalse'


/app/aguda-testing/test/valid/58182_nested_function_calls/nested_function_calls.agu [✔]
Expected: '7'
Got: '7'


/app/aguda-testing/test/valid/58182_simple_arithmetic/simple_arithmetic.agu [✔]
Expected: '22-12460772'
Got: '22-12460772'


/app/aguda-testing/test/valid/58182_while_loop_break/while_loop_break.agu [✔]
Expected: '01234'
Got: '01234'


/app/aguda-testing/test/valid/58185_boolean_logic/boolean_logic.agu [✔]
Expected: 'truefalsetruefalsefalsetrue'
Got: 'truefalsetruefalsefalsetrue'


/app/aguda-testing/test/valid/58185_bubble_sort/bubble_sort.agu [FAIL]
Semantic Error: (-1, -1) No main function found


/app/aguda-testing/test/valid/58185_factorial/factorial.agu [✔]
Expected: '120'
Got: '120'


/app/aguda-testing/test/valid/58185_mutual_recursion/mutual_recursion.agu [FAIL]
Not implemented: Generating code for (12, 11) expression  '" is "'


/app/aguda-testing/test/valid/58185_power_operator/power_operator.agu [✔]
Expected: '851211212'
Got: '851211212'


/app/aguda-testing/test/valid/58185_sequencing/sequencing.agu [✔]
Expected: '130'
Got: '130'


/app/aguda-testing/test/valid/58185_simple_arithmetic/simple_arithmetic.agu [✔]
Expected: '1555021'
Got: '1555021'


/app/aguda-testing/test/valid/58185_string_concatenation/string_concatenation.agu [FAIL]
Semantic Error: (-1, -1) No main function found


/app/aguda-testing/test/valid/58185_unit_type_test/unit_type_test.agu [✔]
Expected: '321'
Got: '321'


/app/aguda-testing/test/valid/58185_while_loops/while_loops.agu [✔]
Expected: '50550555055550555550'
Got: '50550555055550555550'


/app/aguda-testing/test/valid/58250_average/58250_average.agu [✔]
Expected: '30'
Got: '30'


/app/aguda-testing/test/valid/58250_basic_addition/58250_basic_addition.agu [✔]
Expected: '15'
Got: '15'


/app/aguda-testing/test/valid/58250_calculate_operations/58250_calculate_operations.agu [✔]
Expected: '-5'
Got: '-5'


/app/aguda-testing/test/valid/58250_check_value/58250_check_value.agu [✔]
Expected: 'false'
Got: 'false'


/app/aguda-testing/test/valid/58250_cube/58250_cube.agu [✔]
Expected: '125'
Got: '125'


/app/aguda-testing/test/valid/58250_divide_two_numbers/58250_divide_two_numbers.agu [✔]
Expected: '5'
Got: '5'


/app/aguda-testing/test/valid/58250_is_even/58250_is_even.agu [✔]
Expected: 'true'
Got: 'true'


/app/aguda-testing/test/valid/58250_max_between_2/58250_max_between_2.agu [✔]
Expected: '20'
Got: '20'


/app/aguda-testing/test/valid/58250_sum_all_to_n/58250_sum_all_to_n.agu [✔]
Expected: '33028128'
Got: '33028128'


/app/aguda-testing/test/valid/64361_array_sum/array_sum.agu [FAIL]
Not implemented type: Int[][] (3, 26)


/app/aguda-testing/test/valid/64361_check_positive_value/check_positive.agu [✔]
Expected: 'falsetrue'
Got: 'falsetrue'


/app/aguda-testing/test/valid/64361_count_vowels/count_vowels.agu [FAIL]
Not implemented type: String[] (3, 33)


/app/aguda-testing/test/valid/64361_exponential/exponential.agu [FAIL]
Not implemented type: Int[] (3, 27)


/app/aguda-testing/test/valid/64361_factorial/factorial.agu [✔]
Expected: '12015040'
Got: '12015040'


/app/aguda-testing/test/valid/64361_fibonacci/fibonacci.agu [✔]
Expected: '01555'
Got: '01555'


/app/aguda-testing/test/valid/64361_greatest_common_divisor/greatest_common_divisor.agu [✔]
Expected: '6114'
Got: '6114'


/app/aguda-testing/test/valid/64361_prime_number/prime_number.agu [✔]
Expected: 'falsetruefalsetrue'
Got: 'falsetruefalsetrue'


/app/aguda-testing/test/valid/64361_reverse_array/reverse_array.agu [FAIL]
Semantic Error: (-1, -1) No main function found


/app/aguda-testing/test/valid/64361_sum_function/sum_function.agu [FAIL]
Semantic Error: (-1, -1) No main function found


/app/aguda-testing/test/valid/64371_even_fibonnaci_numbers/even_fibonnaci_numbers.agu [✔]
Expected: '4613732'
Got: '4613732'


/app/aguda-testing/test/valid/64371_greatest_common_divisor/greatest_common_divisor.agu [✔]
Expected: '12'
Got: '12'


/app/aguda-testing/test/valid/64371_multiples_3_or_5/multiples_3_or_5.agu [✔]
Expected: '233168'
Got: '233168'


/app/aguda-testing/test/valid/64854_add/add.agu [✔]
Expected: '3'
Got: '3'


/app/aguda-testing/test/valid/64854_coin_flip/coin_flip.agu [✔]
Expected: '2'
Got: '2'


/app/aguda-testing/test/valid/64854_heart/heart.agu [✔]
Expected: '17034604'
Got: '17034604'


/app/aguda-testing/test/valid/64854_inc/inc.agu [✔]
Expected: '1'
Got: '1'


/app/aguda-testing/test/valid/64854_is_pair/is_pair.agu [✔]
Expected: 'true'
Got: 'true'


/app/aguda-testing/test/valid/64854_positive_power/positive_power.agu [✔]
Expected: '8'
Got: '8'


/app/aguda-testing/test/valid/64854_printA/printA.agu [✔]
Expected: 'unit'
Got: 'unit'


/app/aguda-testing/test/valid/64854_produce_letter/produce_letter.agu [✔]
Expected: 'true'
Got: 'true'


/app/aguda-testing/test/valid/64854_switch/switch.agu [✔]
Expected: 'false'
Got: 'false'


/app/aguda-testing/test/valid/tcomp000-scope-cond/tcomp000-scope-cond.agu [✔]
Expected: '5'
Got: '5'


/app/aguda-testing/test/valid/tcomp000-scope-leave/tcomp000-scope-leave.agu [✔]
Expected: '5'
Got: '5'


/app/aguda-testing/test/valid/tcomp000_assoc_eq/assoc_eq.agu [✔]
Expected: 'true'
Got: 'true'


/app/aguda-testing/test/valid/tcomp000_callCond/tcomp000_callCond.agu [✔]
Expected: '9'
Got: '9'


/app/aguda-testing/test/valid/tcomp000_collatz/collatz.agu [✔]
Expected: 'unit'
Got: 'unit'


/app/aguda-testing/test/valid/tcomp000_double_wild/tcomp000_double_wild.agu [✔]
Expected: '5'
Got: '5'


/app/aguda-testing/test/valid/tcomp000_evenOdd/evenOdd.agu [✔]
Expected: 'true'
Got: 'true'


/app/aguda-testing/test/valid/tcomp000_evenOddCond/evenOddCond.agu [✔]
Expected: 'true'
Got: 'true'


/app/aguda-testing/test/valid/tcomp000_evenOddResult/evenOddResult.agu [✔]
Expected: 'true'
Got: 'true'


/app/aguda-testing/test/valid/tcomp000_expIf/expif.agu [✔]
Expected: 'false'
Got: 'false'


/app/aguda-testing/test/valid/tcomp000_if_then_if/if_then_if.agu [✔]
Expected: 'unit'
Got: 'unit'


/app/aguda-testing/test/valid/tcomp000_intFuns/intFuns.agu [✔]
Expected: '30'
Got: '30'


/app/aguda-testing/test/valid/tcomp000_letOfLet/letOfLet.agu [✔]
Expected: 'unit'
Got: 'unit'


/app/aguda-testing/test/valid/tcomp000_letOfLetFun/letOfLetFun.agu [✔]
Expected: 'unit'
Got: 'unit'


/app/aguda-testing/test/valid/tcomp000_letPlusLet/letPlusLet.agu [✔]
Expected: '100'
Got: '100'


/app/aguda-testing/test/valid/tcomp000_notNotNot/notNotNot.agu [✔]
Expected: 'false'
Got: 'false'


/app/aguda-testing/test/valid/tcomp000_power-iterative/power-iterative.agu [✔]
Expected: '64'
Got: '64'


/app/aguda-testing/test/valid/tcomp000_power-of-power/power-of-power.agu [✔]
Expected: '-1712324607'
Got: '-1712324607'


/app/aguda-testing/test/valid/tcomp000_sumThree/sumThree.agu [✔]
Expected: '18'
Got: '18'


